2019-06-03 23:25:07,057 INFO com.account.qwebapp.QwebappApplication [main] Starting QwebappApplication on Lokeshs-MacBook-Pro.local with PID 10000 (/Users/lokeshsingh/Work/Development/qwebapp/target/classes started by lokeshsingh in /Users/lokeshsingh/Work/Development/qwebapp)
2019-06-03 23:25:07,059 DEBUG com.account.qwebapp.QwebappApplication [main] Running with Spring Boot v2.1.5.RELEASE, Spring v5.1.7.RELEASE
2019-06-03 23:25:07,060 INFO com.account.qwebapp.QwebappApplication [main] No active profile set, falling back to default profiles: default
2019-06-03 23:25:10,766 INFO com.account.qwebapp.QwebappApplication [main] Started QwebappApplication in 4.131 seconds (JVM running for 8.754)
2019-06-03 23:25:10,836 INFO com.account.qwebapp.account.LoadDatabase [main] Preloading Account [id=1, accountType=STAFF, accountNickName=Arnold, preferredAccount=true, profileId=1000001, userId=arnie11, balance=635427.9, currency=CAD]
2019-06-03 23:25:10,838 INFO com.account.qwebapp.account.LoadDatabase [main] Preloading Account [id=2, accountType=SAV, accountNickName=Henry, preferredAccount=true, profileId=1000002, userId=arrow22, balance=348767.75, currency=USD]
2019-06-05 18:43:05,378 INFO com.account.qwebapp.QwebappApplicationTests [main] Starting QwebappApplicationTests on Lokeshs-MacBook-Pro.local with PID 11893 (started by lokeshsingh in /Users/lokeshsingh/Work/Development/qwebapp)
2019-06-05 18:43:05,380 DEBUG com.account.qwebapp.QwebappApplicationTests [main] Running with Spring Boot v2.1.5.RELEASE, Spring v5.1.7.RELEASE
2019-06-05 18:43:05,381 INFO com.account.qwebapp.QwebappApplicationTests [main] No active profile set, falling back to default profiles: default
2019-06-05 18:43:09,616 INFO com.account.qwebapp.QwebappApplicationTests [main] Started QwebappApplicationTests in 4.675 seconds (JVM running for 5.842)
2019-06-05 18:43:09,685 INFO com.account.qwebapp.account.LoadDatabase [main] Preloading Account [id=1, accountType=STAFF, accountNickName=Arnold, preferredAccount=true, profileId=1000001, userId=arnie11, balance=635427.9, currency=CAD]
2019-06-05 18:43:09,687 INFO com.account.qwebapp.account.LoadDatabase [main] Preloading Account [id=2, accountType=SAV, accountNickName=Henry, preferredAccount=true, profileId=1000002, userId=arrow22, balance=348767.75, currency=USD]
2019-06-05 18:43:24,830 INFO com.account.qwebapp.QwebappApplicationTests [main] Starting QwebappApplicationTests on Lokeshs-MacBook-Pro.local with PID 11895 (started by lokeshsingh in /Users/lokeshsingh/Work/Development/qwebapp)
2019-06-05 18:43:24,832 DEBUG com.account.qwebapp.QwebappApplicationTests [main] Running with Spring Boot v2.1.5.RELEASE, Spring v5.1.7.RELEASE
2019-06-05 18:43:24,833 INFO com.account.qwebapp.QwebappApplicationTests [main] No active profile set, falling back to default profiles: default
2019-06-05 18:43:28,200 INFO com.account.qwebapp.QwebappApplicationTests [main] Started QwebappApplicationTests in 3.547 seconds (JVM running for 4.284)
2019-06-05 18:43:28,264 INFO com.account.qwebapp.account.LoadDatabase [main] Preloading Account [id=1, accountType=STAFF, accountNickName=Arnold, preferredAccount=true, profileId=1000001, userId=arnie11, balance=635427.9, currency=CAD]
2019-06-05 18:43:28,266 INFO com.account.qwebapp.account.LoadDatabase [main] Preloading Account [id=2, accountType=SAV, accountNickName=Henry, preferredAccount=true, profileId=1000002, userId=arrow22, balance=348767.75, currency=USD]
2019-06-05 20:03:34,260 INFO com.account.qwebapp.QwebappApplicationTests [main] Starting QwebappApplicationTests on Lokeshs-MacBook-Pro.local with PID 12058 (started by lokeshsingh in /Users/lokeshsingh/Work/Development/qwebapp)
2019-06-05 20:03:34,262 DEBUG com.account.qwebapp.QwebappApplicationTests [main] Running with Spring Boot v2.1.5.RELEASE, Spring v5.1.7.RELEASE
2019-06-05 20:03:34,263 INFO com.account.qwebapp.QwebappApplicationTests [main] No active profile set, falling back to default profiles: default
2019-06-05 20:03:37,612 INFO com.account.qwebapp.QwebappApplicationTests [main] Started QwebappApplicationTests in 3.675 seconds (JVM running for 4.408)
2019-06-05 20:03:37,669 INFO com.account.qwebapp.account.LoadDatabase [main] Preloading Account [id=1, accountType=STAFF, accountNickName=Arnold, preferredAccount=true, profileId=1000001, userId=arnie11, balance=635427.9, currency=CAD]
2019-06-05 20:03:37,671 INFO com.account.qwebapp.account.LoadDatabase [main] Preloading Account [id=2, accountType=SAV, accountNickName=Henry, preferredAccount=true, profileId=1000002, userId=arrow22, balance=348767.75, currency=USD]
2019-06-05 20:04:30,066 INFO com.account.qwebapp.QwebappApplicationTests [main] Starting QwebappApplicationTests on Lokeshs-MacBook-Pro.local with PID 12059 (started by lokeshsingh in /Users/lokeshsingh/Work/Development/qwebapp)
2019-06-05 20:04:30,069 DEBUG com.account.qwebapp.QwebappApplicationTests [main] Running with Spring Boot v2.1.5.RELEASE, Spring v5.1.7.RELEASE
2019-06-05 20:04:30,069 INFO com.account.qwebapp.QwebappApplicationTests [main] No active profile set, falling back to default profiles: default
2019-06-05 20:04:33,401 INFO com.account.qwebapp.QwebappApplicationTests [main] Started QwebappApplicationTests in 3.507 seconds (JVM running for 4.215)
2019-06-05 20:04:33,460 INFO com.account.qwebapp.account.LoadDatabase [main] Preloading Account [id=1, accountType=STAFF, accountNickName=Arnold, preferredAccount=true, profileId=1000001, userId=arnie11, balance=635427.9, currency=CAD]
2019-06-05 20:04:33,462 INFO com.account.qwebapp.account.LoadDatabase [main] Preloading Account [id=2, accountType=SAV, accountNickName=Henry, preferredAccount=true, profileId=1000002, userId=arrow22, balance=348767.75, currency=USD]
2019-06-05 20:05:46,292 INFO com.account.qwebapp.QwebappApplicationTests [main] Starting QwebappApplicationTests on Lokeshs-MacBook-Pro.local with PID 12060 (started by lokeshsingh in /Users/lokeshsingh/Work/Development/qwebapp)
2019-06-05 20:05:46,294 DEBUG com.account.qwebapp.QwebappApplicationTests [main] Running with Spring Boot v2.1.5.RELEASE, Spring v5.1.7.RELEASE
2019-06-05 20:05:46,294 INFO com.account.qwebapp.QwebappApplicationTests [main] No active profile set, falling back to default profiles: default
2019-06-05 20:05:49,602 INFO com.account.qwebapp.QwebappApplicationTests [main] Started QwebappApplicationTests in 3.643 seconds (JVM running for 4.365)
2019-06-05 20:05:49,657 INFO com.account.qwebapp.account.LoadDatabase [main] Preloading Account [id=1, accountType=STAFF, accountNickName=Arnold, preferredAccount=true, profileId=1000001, userId=arnie11, balance=635427.9, currency=CAD]
2019-06-05 20:05:49,659 INFO com.account.qwebapp.account.LoadDatabase [main] Preloading Account [id=2, accountType=SAV, accountNickName=Henry, preferredAccount=true, profileId=1000002, userId=arrow22, balance=348767.75, currency=USD]
2019-06-05 20:07:28,655 INFO com.account.qwebapp.QwebappApplicationTests [main] Starting QwebappApplicationTests on Lokeshs-MacBook-Pro.local with PID 12063 (started by lokeshsingh in /Users/lokeshsingh/Work/Development/qwebapp)
2019-06-05 20:07:28,656 DEBUG com.account.qwebapp.QwebappApplicationTests [main] Running with Spring Boot v2.1.5.RELEASE, Spring v5.1.7.RELEASE
2019-06-05 20:07:28,657 INFO com.account.qwebapp.QwebappApplicationTests [main] No active profile set, falling back to default profiles: default
2019-06-05 20:07:32,092 INFO com.account.qwebapp.QwebappApplicationTests [main] Started QwebappApplicationTests in 3.597 seconds (JVM running for 4.309)
2019-06-05 20:07:32,152 INFO com.account.qwebapp.account.LoadDatabase [main] Preloading Account [id=1, accountType=STAFF, accountNickName=Arnold, preferredAccount=true, profileId=1000001, userId=arnie11, balance=635427.9, currency=CAD]
2019-06-05 20:07:32,154 INFO com.account.qwebapp.account.LoadDatabase [main] Preloading Account [id=2, accountType=SAV, accountNickName=Henry, preferredAccount=true, profileId=1000002, userId=arrow22, balance=348767.75, currency=USD]
2019-06-05 22:58:20,211 INFO com.account.qwebapp.QwebappApplicationTests [main] Starting QwebappApplicationTests on Lokeshs-MacBook-Pro.local with PID 12172 (started by lokeshsingh in /Users/lokeshsingh/Work/Development/qwebapp)
2019-06-05 22:58:20,215 DEBUG com.account.qwebapp.QwebappApplicationTests [main] Running with Spring Boot v2.1.5.RELEASE, Spring v5.1.7.RELEASE
2019-06-05 22:58:20,215 INFO com.account.qwebapp.QwebappApplicationTests [main] No active profile set, falling back to default profiles: default
2019-06-05 22:58:24,406 INFO com.account.qwebapp.QwebappApplicationTests [main] Started QwebappApplicationTests in 4.38 seconds (JVM running for 5.401)
2019-06-05 22:58:24,477 INFO com.account.qwebapp.account.LoadDatabase [main] Preloading Account [id=1, accountType=STAFF, accountNickName=Arnold, preferredAccount=true, profileId=1000001, userId=arnie11, balance=635427.9, currency=CAD]
2019-06-05 22:58:24,481 INFO com.account.qwebapp.account.LoadDatabase [main] Preloading Account [id=2, accountType=SAV, accountNickName=Henry, preferredAccount=true, profileId=1000002, userId=arrow22, balance=348767.75, currency=USD]
2019-06-05 23:20:32,366 INFO com.account.qwebapp.QwebappApplicationTests [main] Starting QwebappApplicationTests on Lokeshs-MacBook-Pro.local with PID 12215 (started by lokeshsingh in /Users/lokeshsingh/Work/Development/qwebapp)
2019-06-05 23:20:32,368 DEBUG com.account.qwebapp.QwebappApplicationTests [main] Running with Spring Boot v2.1.5.RELEASE, Spring v5.1.7.RELEASE
2019-06-05 23:20:32,369 INFO com.account.qwebapp.QwebappApplicationTests [main] No active profile set, falling back to default profiles: default
2019-06-05 23:20:36,537 INFO com.account.qwebapp.QwebappApplicationTests [main] Started QwebappApplicationTests in 4.363 seconds (JVM running for 5.192)
2019-06-05 23:20:36,605 INFO com.account.qwebapp.account.LoadDatabase [main] Preloading Account [id=1, accountType=STAFF, accountNickName=Arnold, preferredAccount=true, profileId=1000001, userId=arnie11, balance=635427.9, currency=CAD]
2019-06-05 23:20:36,608 INFO com.account.qwebapp.account.LoadDatabase [main] Preloading Account [id=2, accountType=SAV, accountNickName=Henry, preferredAccount=true, profileId=1000002, userId=arrow22, balance=348767.75, currency=USD]
2019-06-05 23:49:38,958 INFO com.account.qwebapp.QwebappApplication [main] Starting QwebappApplication on Lokeshs-MacBook-Pro.local with PID 12262 (/Users/lokeshsingh/Work/Development/qwebapp/target/classes started by lokeshsingh in /Users/lokeshsingh/Work/Development/qwebapp)
2019-06-05 23:49:38,960 DEBUG com.account.qwebapp.QwebappApplication [main] Running with Spring Boot v2.1.5.RELEASE, Spring v5.1.7.RELEASE
2019-06-05 23:49:38,961 INFO com.account.qwebapp.QwebappApplication [main] No active profile set, falling back to default profiles: default
2019-06-05 23:49:42,481 INFO com.account.qwebapp.QwebappApplication [main] Started QwebappApplication in 4.123 seconds (JVM running for 8.787)
2019-06-05 23:49:42,548 INFO com.account.qwebapp.account.LoadDatabase [main] Preloading Account [id=1, accountType=STAFF, accountNickName=Arnold, preferredAccount=true, profileId=1000001, userId=arnie11, balance=635427.880000000004656612873077392578125, currency=CAD]
2019-06-05 23:49:42,550 INFO com.account.qwebapp.account.LoadDatabase [main] Preloading Account [id=2, accountType=SAV, accountNickName=Henry, preferredAccount=true, profileId=1000002, userId=arrow22, balance=348767.76000000000931322574615478515625, currency=USD]
2019-06-05 23:52:25,683 INFO com.account.qwebapp.QwebappApplicationTests [main] Starting QwebappApplicationTests on Lokeshs-MacBook-Pro.local with PID 12274 (started by lokeshsingh in /Users/lokeshsingh/Work/Development/qwebapp)
2019-06-05 23:52:25,686 DEBUG com.account.qwebapp.QwebappApplicationTests [main] Running with Spring Boot v2.1.5.RELEASE, Spring v5.1.7.RELEASE
2019-06-05 23:52:25,686 INFO com.account.qwebapp.QwebappApplicationTests [main] No active profile set, falling back to default profiles: default
2019-06-05 23:52:29,837 INFO com.account.qwebapp.QwebappApplicationTests [main] Started QwebappApplicationTests in 4.468 seconds (JVM running for 5.336)
2019-06-05 23:52:29,913 INFO com.account.qwebapp.account.LoadDatabase [main] Preloading Account [id=1, accountType=STAFF, accountNickName=Arnold, preferredAccount=true, profileId=1000001, userId=arnie11, balance=635427.880000000004656612873077392578125, currency=CAD]
2019-06-05 23:52:29,916 INFO com.account.qwebapp.account.LoadDatabase [main] Preloading Account [id=2, accountType=SAV, accountNickName=Henry, preferredAccount=true, profileId=1000002, userId=arrow22, balance=348767.76000000000931322574615478515625, currency=USD]
2019-06-05 23:53:48,480 INFO com.account.qwebapp.QwebappApplicationTests [main] Starting QwebappApplicationTests on Lokeshs-MacBook-Pro.local with PID 12275 (started by lokeshsingh in /Users/lokeshsingh/Work/Development/qwebapp)
2019-06-05 23:53:48,482 DEBUG com.account.qwebapp.QwebappApplicationTests [main] Running with Spring Boot v2.1.5.RELEASE, Spring v5.1.7.RELEASE
2019-06-05 23:53:48,483 INFO com.account.qwebapp.QwebappApplicationTests [main] No active profile set, falling back to default profiles: default
2019-06-05 23:53:50,778 INFO com.account.qwebapp.QwebappApplicationTests [main] Starting QwebappApplicationTests on Lokeshs-MacBook-Pro.local with PID 12276 (started by lokeshsingh in /Users/lokeshsingh/Work/Development/qwebapp)
2019-06-05 23:53:50,780 DEBUG com.account.qwebapp.QwebappApplicationTests [main] Running with Spring Boot v2.1.5.RELEASE, Spring v5.1.7.RELEASE
2019-06-05 23:53:50,781 INFO com.account.qwebapp.QwebappApplicationTests [main] No active profile set, falling back to default profiles: default
2019-06-05 23:53:52,851 INFO com.account.qwebapp.QwebappApplicationTests [main] Started QwebappApplicationTests in 4.525 seconds (JVM running for 5.26)
2019-06-05 23:53:52,929 INFO com.account.qwebapp.account.LoadDatabase [main] Preloading Account [id=1, accountType=STAFF, accountNickName=Arnold, preferredAccount=true, profileId=1000001, userId=arnie11, balance=635427.880000000004656612873077392578125, currency=CAD]
2019-06-05 23:53:52,932 INFO com.account.qwebapp.account.LoadDatabase [main] Preloading Account [id=2, accountType=SAV, accountNickName=Henry, preferredAccount=true, profileId=1000002, userId=arrow22, balance=348767.76000000000931322574615478515625, currency=USD]
2019-06-05 23:53:54,955 INFO com.account.qwebapp.QwebappApplicationTests [main] Started QwebappApplicationTests in 4.365 seconds (JVM running for 5.254)
2019-06-05 23:53:55,013 INFO com.account.qwebapp.account.LoadDatabase [main] Preloading Account [id=1, accountType=STAFF, accountNickName=Arnold, preferredAccount=true, profileId=1000001, userId=arnie11, balance=635427.880000000004656612873077392578125, currency=CAD]
2019-06-05 23:53:55,015 INFO com.account.qwebapp.account.LoadDatabase [main] Preloading Account [id=2, accountType=SAV, accountNickName=Henry, preferredAccount=true, profileId=1000002, userId=arrow22, balance=348767.76000000000931322574615478515625, currency=USD]
2019-06-05 23:55:00,842 INFO com.account.qwebapp.QwebappApplicationTests [main] Starting QwebappApplicationTests on Lokeshs-MacBook-Pro.local with PID 12277 (started by lokeshsingh in /Users/lokeshsingh/Work/Development/qwebapp)
2019-06-05 23:55:00,847 DEBUG com.account.qwebapp.QwebappApplicationTests [main] Running with Spring Boot v2.1.5.RELEASE, Spring v5.1.7.RELEASE
2019-06-05 23:55:00,848 INFO com.account.qwebapp.QwebappApplicationTests [main] No active profile set, falling back to default profiles: default
2019-06-05 23:55:05,095 INFO com.account.qwebapp.QwebappApplicationTests [main] Started QwebappApplicationTests in 4.439 seconds (JVM running for 5.333)
2019-06-05 23:55:05,169 INFO com.account.qwebapp.account.LoadDatabase [main] Preloading Account [id=1, accountType=STAFF, accountNickName=Arnold, preferredAccount=true, profileId=1000001, userId=arnie11, balance=635427.880000000004656612873077392578125, currency=CAD]
2019-06-05 23:55:05,171 INFO com.account.qwebapp.account.LoadDatabase [main] Preloading Account [id=2, accountType=SAV, accountNickName=Henry, preferredAccount=true, profileId=1000002, userId=arrow22, balance=348767.76000000000931322574615478515625, currency=USD]
2019-06-06 00:40:48,095 INFO com.account.qwebapp.QwebappApplication [main] Starting QwebappApplication on Lokeshs-MacBook-Pro.local with PID 12453 (/Users/lokeshsingh/Work/Development/qwebapp/target/classes started by lokeshsingh in /Users/lokeshsingh/Work/Development/qwebapp)
2019-06-06 00:40:48,097 DEBUG com.account.qwebapp.QwebappApplication [main] Running with Spring Boot v2.1.5.RELEASE, Spring v5.1.7.RELEASE
2019-06-06 00:40:48,099 INFO com.account.qwebapp.QwebappApplication [main] No active profile set, falling back to default profiles: default
2019-06-06 00:40:51,543 INFO com.account.qwebapp.QwebappApplication [main] Started QwebappApplication in 3.82 seconds (JVM running for 8.596)
2019-06-06 00:40:51,607 INFO com.account.qwebapp.account.LoadDatabase [main] Preloading Account [id=1, accountType=STAFF, accountNickName=Arnold, preferredAccount=true, profileId=1000001, userId=arnie11, balance=635427.880000000004656612873077392578125, currency=CAD]
2019-06-06 00:40:51,610 INFO com.account.qwebapp.account.LoadDatabase [main] Preloading Account [id=2, accountType=SAV, accountNickName=Henry, preferredAccount=true, profileId=1000002, userId=arrow22, balance=348767.76000000000931322574615478515625, currency=USD]
2019-06-06 00:43:39,133 INFO com.account.qwebapp.QwebappApplication [main] Starting QwebappApplication on Lokeshs-MacBook-Pro.local with PID 12468 (/Users/lokeshsingh/Work/Development/qwebapp/target/classes started by lokeshsingh in /Users/lokeshsingh/Work/Development/qwebapp)
2019-06-06 00:43:39,135 DEBUG com.account.qwebapp.QwebappApplication [main] Running with Spring Boot v2.1.5.RELEASE, Spring v5.1.7.RELEASE
2019-06-06 00:43:39,136 INFO com.account.qwebapp.QwebappApplication [main] No active profile set, falling back to default profiles: default
2019-06-06 00:43:42,412 INFO com.account.qwebapp.QwebappApplication [main] Started QwebappApplication in 3.869 seconds (JVM running for 8.342)
2019-06-06 00:43:42,471 INFO com.account.qwebapp.account.LoadDatabase [main] Preloading Account [id=1, accountType=STAFF, accountNickName=Arnold, preferredAccount=true, profileId=1000001, userId=arnie11, balance=635427.880000000004656612873077392578125, currency=CAD]
2019-06-06 00:43:42,473 INFO com.account.qwebapp.account.LoadDatabase [main] Preloading Account [id=2, accountType=SAV, accountNickName=Henry, preferredAccount=true, profileId=1000002, userId=arrow22, balance=348767.76000000000931322574615478515625, currency=USD]
2019-06-06 00:47:54,439 INFO com.account.qwebapp.QwebappApplication [main] Starting QwebappApplication on Lokeshs-MacBook-Pro.local with PID 12483 (/Users/lokeshsingh/Work/Development/qwebapp/target/classes started by lokeshsingh in /Users/lokeshsingh/Work/Development/qwebapp)
2019-06-06 00:47:54,441 DEBUG com.account.qwebapp.QwebappApplication [main] Running with Spring Boot v2.1.5.RELEASE, Spring v5.1.7.RELEASE
2019-06-06 00:47:54,442 INFO com.account.qwebapp.QwebappApplication [main] No active profile set, falling back to default profiles: default
2019-06-06 00:47:57,886 INFO com.account.qwebapp.QwebappApplication [main] Started QwebappApplication in 3.991 seconds (JVM running for 8.43)
2019-06-06 00:47:57,948 INFO com.account.qwebapp.account.LoadDatabase [main] Preloading Account [id=1, accountType=STAFF, accountNickName=Arnold, preferredAccount=true, profileId=1000001, userId=arnie11, balance=635427.880000000004656612873077392578125, currency=CAD]
2019-06-06 00:47:57,950 INFO com.account.qwebapp.account.LoadDatabase [main] Preloading Account [id=2, accountType=SAV, accountNickName=Henry, preferredAccount=true, profileId=1000002, userId=arrow22, balance=348767.76000000000931322574615478515625, currency=USD]
2019-06-06 01:27:37,497 INFO com.account.qwebapp.QwebappApplication [main] Starting QwebappApplication on Lokeshs-MacBook-Pro.local with PID 12568 (/Users/lokeshsingh/Work/Development/qwebapp/target/classes started by lokeshsingh in /Users/lokeshsingh/Work/Development/qwebapp)
2019-06-06 01:27:37,500 DEBUG com.account.qwebapp.QwebappApplication [main] Running with Spring Boot v2.1.5.RELEASE, Spring v5.1.7.RELEASE
2019-06-06 01:27:37,501 INFO com.account.qwebapp.QwebappApplication [main] No active profile set, falling back to default profiles: default
2019-06-06 01:34:30,540 INFO com.account.qwebapp.QwebappApplication [main] Starting QwebappApplication on Lokeshs-MacBook-Pro.local with PID 12589 (/Users/lokeshsingh/Work/Development/qwebapp/target/classes started by lokeshsingh in /Users/lokeshsingh/Work/Development/qwebapp)
2019-06-06 01:34:30,545 DEBUG com.account.qwebapp.QwebappApplication [main] Running with Spring Boot v2.1.5.RELEASE, Spring v5.1.7.RELEASE
2019-06-06 01:34:30,545 INFO com.account.qwebapp.QwebappApplication [main] No active profile set, falling back to default profiles: default
2019-06-06 01:36:10,996 INFO com.account.qwebapp.QwebappApplication [main] Starting QwebappApplication on Lokeshs-MacBook-Pro.local with PID 12598 (/Users/lokeshsingh/Work/Development/qwebapp/target/classes started by lokeshsingh in /Users/lokeshsingh/Work/Development/qwebapp)
2019-06-06 01:36:10,999 DEBUG com.account.qwebapp.QwebappApplication [main] Running with Spring Boot v2.1.5.RELEASE, Spring v5.1.7.RELEASE
2019-06-06 01:36:10,999 INFO com.account.qwebapp.QwebappApplication [main] No active profile set, falling back to default profiles: default
2019-06-06 01:38:57,998 INFO com.account.qwebapp.QwebappApplication [main] Starting QwebappApplication on Lokeshs-MacBook-Pro.local with PID 12623 (/Users/lokeshsingh/Work/Development/qwebapp/target/classes started by lokeshsingh in /Users/lokeshsingh/Work/Development/qwebapp)
2019-06-06 01:38:58,000 DEBUG com.account.qwebapp.QwebappApplication [main] Running with Spring Boot v2.1.5.RELEASE, Spring v5.1.7.RELEASE
2019-06-06 01:38:58,000 INFO com.account.qwebapp.QwebappApplication [main] No active profile set, falling back to default profiles: default
2019-06-06 01:43:10,768 INFO com.account.qwebapp.QwebappApplication [main] Starting QwebappApplication on Lokeshs-MacBook-Pro.local with PID 12651 (/Users/lokeshsingh/Work/Development/qwebapp/target/classes started by lokeshsingh in /Users/lokeshsingh/Work/Development/qwebapp)
2019-06-06 01:43:10,770 DEBUG com.account.qwebapp.QwebappApplication [main] Running with Spring Boot v2.1.5.RELEASE, Spring v5.1.7.RELEASE
2019-06-06 01:43:10,770 INFO com.account.qwebapp.QwebappApplication [main] No active profile set, falling back to default profiles: default
2019-06-06 01:45:11,769 INFO com.account.qwebapp.QwebappApplication [main] Starting QwebappApplication on Lokeshs-MacBook-Pro.local with PID 12660 (/Users/lokeshsingh/Work/Development/qwebapp/target/classes started by lokeshsingh in /Users/lokeshsingh/Work/Development/qwebapp)
2019-06-06 01:45:11,771 DEBUG com.account.qwebapp.QwebappApplication [main] Running with Spring Boot v2.1.5.RELEASE, Spring v5.1.7.RELEASE
2019-06-06 01:45:11,772 INFO com.account.qwebapp.QwebappApplication [main] No active profile set, falling back to default profiles: default
2019-06-06 01:46:25,520 INFO com.account.qwebapp.QwebappApplication [main] Starting QwebappApplication on Lokeshs-MacBook-Pro.local with PID 12669 (/Users/lokeshsingh/Work/Development/qwebapp/target/classes started by lokeshsingh in /Users/lokeshsingh/Work/Development/qwebapp)
2019-06-06 01:46:25,524 DEBUG com.account.qwebapp.QwebappApplication [main] Running with Spring Boot v2.1.5.RELEASE, Spring v5.1.7.RELEASE
2019-06-06 01:46:25,525 INFO com.account.qwebapp.QwebappApplication [main] No active profile set, falling back to default profiles: default
2019-06-06 01:46:29,011 INFO com.account.qwebapp.QwebappApplication [main] Started QwebappApplication in 3.895 seconds (JVM running for 8.581)
2019-06-06 01:46:29,080 INFO com.account.qwebapp.account.LoadDatabase [main] Preloading Account [id=1, accountType=STAFF, accountNickName=Arnold, preferredAccount=true, profileId=1000001, userId=arnie11, balance=635427.880000000004656612873077392578125, currency=CAD]
2019-06-06 01:46:29,081 INFO com.account.qwebapp.account.LoadDatabase [main] Preloading Account [id=2, accountType=SAV, accountNickName=Henry, preferredAccount=true, profileId=1000002, userId=arrow22, balance=348767.76000000000931322574615478515625, currency=USD]
2019-06-06 01:46:59,623 INFO com.account.qwebapp.QwebappApplication [main] Starting QwebappApplication on Lokeshs-MacBook-Pro.local with PID 12680 (/Users/lokeshsingh/Work/Development/qwebapp/target/classes started by lokeshsingh in /Users/lokeshsingh/Work/Development/qwebapp)
2019-06-06 01:46:59,626 DEBUG com.account.qwebapp.QwebappApplication [main] Running with Spring Boot v2.1.5.RELEASE, Spring v5.1.7.RELEASE
2019-06-06 01:46:59,626 INFO com.account.qwebapp.QwebappApplication [main] No active profile set, falling back to default profiles: default
2019-06-06 01:47:03,259 INFO com.account.qwebapp.QwebappApplication [main] Started QwebappApplication in 4.001 seconds (JVM running for 8.449)
2019-06-06 01:47:03,318 INFO com.account.qwebapp.account.LoadDatabase [main] Preloading AccountProfile [profileId=1, firstName=John, middleName=red, lastName=smith]
2019-06-06 01:47:30,369 INFO com.account.qwebapp.QwebappApplication [main] Starting QwebappApplication on Lokeshs-MacBook-Pro.local with PID 12689 (/Users/lokeshsingh/Work/Development/qwebapp/target/classes started by lokeshsingh in /Users/lokeshsingh/Work/Development/qwebapp)
2019-06-06 01:47:30,373 DEBUG com.account.qwebapp.QwebappApplication [main] Running with Spring Boot v2.1.5.RELEASE, Spring v5.1.7.RELEASE
2019-06-06 01:47:30,373 INFO com.account.qwebapp.QwebappApplication [main] No active profile set, falling back to default profiles: default
2019-06-06 01:47:33,808 INFO com.account.qwebapp.QwebappApplication [main] Started QwebappApplication in 3.84 seconds (JVM running for 8.264)
2019-06-06 01:47:33,872 INFO com.account.qwebapp.account.LoadDatabase [main] Preloading Account [id=1, accountType=STAFF, accountNickName=Arnold, preferredAccount=true, profileId=1000001, userId=arnie11, balance=635427.880000000004656612873077392578125, currency=CAD]
2019-06-06 01:47:33,874 INFO com.account.qwebapp.account.LoadDatabase [main] Preloading Account [id=2, accountType=SAV, accountNickName=Henry, preferredAccount=true, profileId=1000002, userId=arrow22, balance=348767.76000000000931322574615478515625, currency=USD]
2019-06-06 01:47:33,885 INFO com.account.qwebapp.account.LoadDatabase [main] Preloading AccountProfile [profileId=3, firstName=John, middleName=red, lastName=smith]
2019-06-06 09:48:57,275 INFO com.account.qwebapp.QwebappApplication [main] Starting QwebappApplication on Lokeshs-MacBook-Pro.local with PID 12833 (/Users/lokeshsingh/Work/Development/qwebapp/target/classes started by lokeshsingh in /Users/lokeshsingh/Work/Development/qwebapp)
2019-06-06 09:48:57,277 DEBUG com.account.qwebapp.QwebappApplication [main] Running with Spring Boot v2.1.5.RELEASE, Spring v5.1.7.RELEASE
2019-06-06 09:48:57,278 INFO com.account.qwebapp.QwebappApplication [main] No active profile set, falling back to default profiles: default
2019-06-06 09:49:00,811 INFO com.account.qwebapp.QwebappApplication [main] Started QwebappApplication in 4.126 seconds (JVM running for 9.034)
2019-06-06 09:49:00,878 INFO com.account.qwebapp.account.LoadDatabase [main] Preloading Account [id=1, accountType=STAFF, accountNickName=Arnold, preferredAccount=true, profileId=1000001, userId=arnie11, balance=635427.880000000004656612873077392578125, currency=CAD]
2019-06-06 09:49:00,881 INFO com.account.qwebapp.account.LoadDatabase [main] Preloading Account [id=2, accountType=SAV, accountNickName=Henry, preferredAccount=true, profileId=1000002, userId=arrow22, balance=348767.76000000000931322574615478515625, currency=USD]
2019-06-06 09:49:00,893 INFO com.account.qwebapp.account.LoadDatabase [main] Preloading AccountProfile [profileId=3, firstName=John, middleName=red, lastName=smith]
2019-06-06 10:00:38,964 INFO com.account.qwebapp.QwebappApplication [main] Starting QwebappApplication on Lokeshs-MacBook-Pro.local with PID 12871 (/Users/lokeshsingh/Work/Development/qwebapp/target/classes started by lokeshsingh in /Users/lokeshsingh/Work/Development/qwebapp)
2019-06-06 10:00:38,966 DEBUG com.account.qwebapp.QwebappApplication [main] Running with Spring Boot v2.1.5.RELEASE, Spring v5.1.7.RELEASE
2019-06-06 10:00:38,967 INFO com.account.qwebapp.QwebappApplication [main] No active profile set, falling back to default profiles: default
2019-06-06 10:00:42,412 INFO com.account.qwebapp.QwebappApplication [main] Started QwebappApplication in 4.072 seconds (JVM running for 8.878)
2019-06-06 10:00:42,478 INFO com.account.qwebapp.account.LoadDatabase [main] Preloading Account [id=1, accountType=STAFF, accountNickName=Arnold, preferredAccount=true, profileId=1000001, userId=arnie11, balance=635427.880000000004656612873077392578125, currency=CAD]
2019-06-06 10:00:42,479 INFO com.account.qwebapp.account.LoadDatabase [main] Preloading Account [id=2, accountType=SAV, accountNickName=Henry, preferredAccount=true, profileId=1000002, userId=arrow22, balance=348767.76000000000931322574615478515625, currency=USD]
2019-06-06 10:00:42,489 INFO com.account.qwebapp.account.LoadDatabase [main] Preloading AccountProfile [profileId=3, firstName=John, middleName=red, lastName=smith]
2019-06-06 10:04:30,557 INFO com.account.qwebapp.QwebappApplication [main] Starting QwebappApplication on Lokeshs-MacBook-Pro.local with PID 12883 (/Users/lokeshsingh/Work/Development/qwebapp/target/classes started by lokeshsingh in /Users/lokeshsingh/Work/Development/qwebapp)
2019-06-06 10:04:30,560 DEBUG com.account.qwebapp.QwebappApplication [main] Running with Spring Boot v2.1.5.RELEASE, Spring v5.1.7.RELEASE
2019-06-06 10:04:30,561 INFO com.account.qwebapp.QwebappApplication [main] No active profile set, falling back to default profiles: default
2019-06-06 10:04:34,283 INFO com.account.qwebapp.QwebappApplication [main] Started QwebappApplication in 4.115 seconds (JVM running for 8.878)
2019-06-06 10:04:34,334 INFO com.account.qwebapp.account.LoadDatabase [main] Preloading AccountProfile [profileId=1, firstName=John, middleName=red, lastName=smith]
2019-06-06 10:04:34,352 INFO com.account.qwebapp.account.LoadDatabase [main] Preloading Account [id=2, accountType=STAFF, accountNickName=Arnold, preferredAccount=true, profileId=1000001, userId=arnie11, balance=635427.880000000004656612873077392578125, currency=CAD]
2019-06-06 10:04:34,353 INFO com.account.qwebapp.account.LoadDatabase [main] Preloading Account [id=3, accountType=SAV, accountNickName=Henry, preferredAccount=true, profileId=1000002, userId=arrow22, balance=348767.76000000000931322574615478515625, currency=USD]
2019-06-06 10:05:47,337 INFO com.account.qwebapp.QwebappApplication [main] Starting QwebappApplication on Lokeshs-MacBook-Pro.local with PID 12892 (/Users/lokeshsingh/Work/Development/qwebapp/target/classes started by lokeshsingh in /Users/lokeshsingh/Work/Development/qwebapp)
2019-06-06 10:05:47,339 DEBUG com.account.qwebapp.QwebappApplication [main] Running with Spring Boot v2.1.5.RELEASE, Spring v5.1.7.RELEASE
2019-06-06 10:05:47,340 INFO com.account.qwebapp.QwebappApplication [main] No active profile set, falling back to default profiles: default
2019-06-06 10:05:50,981 INFO com.account.qwebapp.QwebappApplication [main] Started QwebappApplication in 4.058 seconds (JVM running for 8.936)
2019-06-06 10:05:51,030 INFO com.account.qwebapp.account.LoadDatabase [main] Preloading AccountProfile [profileId=1, firstName=John, middleName=red, lastName=smith]
2019-06-06 10:05:51,032 INFO com.account.qwebapp.account.LoadDatabase [main] Preloading AccountProfile [profileId=2, firstName=Allen, middleName=, lastName=Greenwood]
2019-06-06 10:05:51,050 INFO com.account.qwebapp.account.LoadDatabase [main] Preloading Account [id=3, accountType=STAFF, accountNickName=Arnold, preferredAccount=true, profileId=1, userId=arnie11, balance=635427.880000000004656612873077392578125, currency=CAD]
2019-06-06 10:05:51,052 INFO com.account.qwebapp.account.LoadDatabase [main] Preloading Account [id=4, accountType=SAV, accountNickName=Henry, preferredAccount=true, profileId=2, userId=arrow22, balance=348767.76000000000931322574615478515625, currency=USD]
2019-06-06 10:14:23,204 INFO com.account.qwebapp.QwebappApplication [main] Starting QwebappApplication on Lokeshs-MacBook-Pro.local with PID 12921 (/Users/lokeshsingh/Work/Development/qwebapp/target/classes started by lokeshsingh in /Users/lokeshsingh/Work/Development/qwebapp)
2019-06-06 10:14:23,207 DEBUG com.account.qwebapp.QwebappApplication [main] Running with Spring Boot v2.1.5.RELEASE, Spring v5.1.7.RELEASE
2019-06-06 10:14:23,208 INFO com.account.qwebapp.QwebappApplication [main] No active profile set, falling back to default profiles: default
2019-06-06 10:14:27,016 INFO com.account.qwebapp.QwebappApplication [main] Started QwebappApplication in 4.352 seconds (JVM running for 8.848)
2019-06-06 10:14:27,068 INFO com.account.qwebapp.account.LoadDatabase [main] Preloading AccountProfile [profileId=1, firstName=John, middleName=red, lastName=smith]
2019-06-06 10:14:27,070 INFO com.account.qwebapp.account.LoadDatabase [main] Preloading AccountProfile [profileId=2, firstName=Allen, middleName=, lastName=Greenwood]
2019-06-06 10:17:54,761 INFO com.account.qwebapp.QwebappApplication [main] Starting QwebappApplication on Lokeshs-MacBook-Pro.local with PID 12934 (/Users/lokeshsingh/Work/Development/qwebapp/target/classes started by lokeshsingh in /Users/lokeshsingh/Work/Development/qwebapp)
2019-06-06 10:17:54,764 DEBUG com.account.qwebapp.QwebappApplication [main] Running with Spring Boot v2.1.5.RELEASE, Spring v5.1.7.RELEASE
2019-06-06 10:17:54,764 INFO com.account.qwebapp.QwebappApplication [main] No active profile set, falling back to default profiles: default
2019-06-06 10:17:58,263 INFO com.account.qwebapp.QwebappApplication [main] Started QwebappApplication in 4.094 seconds (JVM running for 8.495)
2019-06-06 10:17:58,307 INFO com.account.qwebapp.account.LoadDatabase [main] Preloading AccountProfile [profileId=1, firstName=John, middleName=red, lastName=smith]
2019-06-06 10:17:58,309 INFO com.account.qwebapp.account.LoadDatabase [main] Preloading AccountProfile [profileId=2, firstName=Allen, middleName=, lastName=Greenwood]
2019-06-06 10:17:58,331 INFO com.account.qwebapp.account.LoadDatabase [main] Preloading Account [id=1, accountType=STAFF, accountNickName=Arnold, preferredAccount=true, profileId=1, userId=arnie11, balance=635427.880000000004656612873077392578125, currency=CAD]
2019-06-06 10:17:58,333 INFO com.account.qwebapp.account.LoadDatabase [main] Preloading Account [id=2, accountType=SAV, accountNickName=Henry, preferredAccount=true, profileId=2, userId=arrow22, balance=348767.76000000000931322574615478515625, currency=USD]
2019-06-06 10:31:40,825 INFO com.account.qwebapp.QwebappApplication [main] Starting QwebappApplication on Lokeshs-MacBook-Pro.local with PID 12971 (/Users/lokeshsingh/Work/Development/qwebapp/target/classes started by lokeshsingh in /Users/lokeshsingh/Work/Development/qwebapp)
2019-06-06 10:31:40,828 DEBUG com.account.qwebapp.QwebappApplication [main] Running with Spring Boot v2.1.5.RELEASE, Spring v5.1.7.RELEASE
2019-06-06 10:31:40,829 INFO com.account.qwebapp.QwebappApplication [main] No active profile set, falling back to default profiles: default
2019-06-06 10:31:44,417 INFO com.account.qwebapp.QwebappApplication [main] Started QwebappApplication in 4.174 seconds (JVM running for 9.001)
2019-06-06 10:31:44,468 INFO com.account.qwebapp.account.LoadDatabase [main] Preloading AccountProfile [profileId=1, firstName=John, middleName=red, lastName=smith]
2019-06-06 10:31:44,470 INFO com.account.qwebapp.account.LoadDatabase [main] Preloading AccountProfile [profileId=2, firstName=Allen, middleName=, lastName=Greenwood]
2019-06-06 10:31:44,496 INFO com.account.qwebapp.account.LoadDatabase [main] Preloading Account [id=1, accountType=STAFF, accountNickName=Arnold, preferredAccount=true, profileId=1, userId=arnie11, balance=635427.880000000004656612873077392578125, currency=CAD]
2019-06-06 10:31:44,498 INFO com.account.qwebapp.account.LoadDatabase [main] Preloading Account [id=2, accountType=SAV, accountNickName=Henry, preferredAccount=true, profileId=2, userId=arrow22, balance=348767.76000000000931322574615478515625, currency=USD]
2019-06-07 10:09:42,958 INFO com.account.qwebapp.QwebappApplication [main] Starting QwebappApplication on Lokeshs-MacBook-Pro.local with PID 13261 (/Users/lokeshsingh/Work/Development/qwebapp/target/classes started by lokeshsingh in /Users/lokeshsingh/Work/Development/qwebapp)
2019-06-07 10:09:42,960 DEBUG com.account.qwebapp.QwebappApplication [main] Running with Spring Boot v2.1.5.RELEASE, Spring v5.1.7.RELEASE
2019-06-07 10:09:42,961 INFO com.account.qwebapp.QwebappApplication [main] No active profile set, falling back to default profiles: default
2019-06-07 10:09:47,096 INFO com.account.qwebapp.QwebappApplication [main] Started QwebappApplication in 4.758 seconds (JVM running for 10.377)
2019-06-07 10:09:47,143 INFO com.account.qwebapp.account.LoadDatabase [main] Preloading AccountProfile [profileId=1, firstName=John, middleName=red, lastName=smith]
2019-06-07 10:09:47,144 INFO com.account.qwebapp.account.LoadDatabase [main] Preloading AccountProfile [profileId=2, firstName=Allen, middleName=, lastName=Greenwood]
2019-06-07 10:09:47,169 INFO com.account.qwebapp.account.LoadDatabase [main] Preloading Account [id=1, accountType=STAFF, accountNickName=Arnold, preferredAccount=true, profileId=1, userId=arnie11, balance=635427.880000000004656612873077392578125, currency=CAD]
2019-06-07 10:09:47,170 INFO com.account.qwebapp.account.LoadDatabase [main] Preloading Account [id=2, accountType=SAV, accountNickName=Henry, preferredAccount=true, profileId=2, userId=arrow22, balance=348767.76000000000931322574615478515625, currency=USD]
2019-06-07 10:10:07,064 ERROR com.account.qwebapp.account.exception.AccountNotFoundAdvice [http-nio-8080-exec-1] Could not find account - 3 
2019-06-07 10:28:28,934 INFO com.account.qwebapp.QwebappApplication [main] Starting QwebappApplication on Lokeshs-MacBook-Pro.local with PID 13303 (/Users/lokeshsingh/Work/Development/qwebapp/target/classes started by lokeshsingh in /Users/lokeshsingh/Work/Development/qwebapp)
2019-06-07 10:28:28,936 DEBUG com.account.qwebapp.QwebappApplication [main] Running with Spring Boot v2.1.5.RELEASE, Spring v5.1.7.RELEASE
2019-06-07 10:28:28,937 INFO com.account.qwebapp.QwebappApplication [main] No active profile set, falling back to default profiles: default
2019-06-07 10:28:32,635 INFO com.account.qwebapp.QwebappApplication [main] Started QwebappApplication in 4.282 seconds (JVM running for 9.195)
2019-06-07 10:28:32,687 INFO com.account.qwebapp.account.LoadDatabase [main] Preloading AccountProfile [profileId=1, firstName=John, middleName=red, lastName=smith]
2019-06-07 10:28:32,688 INFO com.account.qwebapp.account.LoadDatabase [main] Preloading AccountProfile [profileId=2, firstName=Allen, middleName=, lastName=Greenwood]
2019-06-07 10:28:32,711 INFO com.account.qwebapp.account.LoadDatabase [main] Preloading Account [id=1, accountType=STAFF, accountNickName=Arnold, preferredAccount=true, profileId=1, userId=arnie11, balance=635427.880000000004656612873077392578125, currency=CAD]
2019-06-07 10:28:32,713 INFO com.account.qwebapp.account.LoadDatabase [main] Preloading Account [id=2, accountType=SAV, accountNickName=Henry, preferredAccount=true, profileId=2, userId=arrow22, balance=348767.76000000000931322574615478515625, currency=USD]
2019-06-07 10:29:40,813 ERROR com.account.qwebapp.account.exception.AccountNotFoundAdvice [http-nio-8080-exec-1] Could not find account - 3 
2019-06-07 10:31:30,650 INFO com.account.qwebapp.QwebappApplication [main] Starting QwebappApplication on Lokeshs-MacBook-Pro.local with PID 13323 (/Users/lokeshsingh/Work/Development/qwebapp/target/classes started by lokeshsingh in /Users/lokeshsingh/Work/Development/qwebapp)
2019-06-07 10:31:30,652 DEBUG com.account.qwebapp.QwebappApplication [main] Running with Spring Boot v2.1.5.RELEASE, Spring v5.1.7.RELEASE
2019-06-07 10:31:30,652 INFO com.account.qwebapp.QwebappApplication [main] No active profile set, falling back to default profiles: default
2019-06-07 10:31:34,212 INFO com.account.qwebapp.QwebappApplication [main] Started QwebappApplication in 4.098 seconds (JVM running for 8.827)
2019-06-07 10:31:34,258 INFO com.account.qwebapp.account.LoadDatabase [main] Preloading AccountProfile [profileId=1, firstName=John, middleName=red, lastName=smith]
2019-06-07 10:31:34,259 INFO com.account.qwebapp.account.LoadDatabase [main] Preloading AccountProfile [profileId=2, firstName=Allen, middleName=, lastName=Greenwood]
2019-06-07 10:31:34,286 INFO com.account.qwebapp.account.LoadDatabase [main] Preloading Account [id=1, accountType=STAFF, accountNickName=Arnold, preferredAccount=true, profileId=1, userId=arnie11, balance=635427.880000000004656612873077392578125, currency=CAD]
2019-06-07 10:31:34,288 INFO com.account.qwebapp.account.LoadDatabase [main] Preloading Account [id=2, accountType=SAV, accountNickName=Henry, preferredAccount=true, profileId=2, userId=arrow22, balance=348767.76000000000931322574615478515625, currency=USD]
2019-06-07 10:32:46,065 ERROR com.account.qwebapp.account.exception.RestResponseEntityExceptionHandler [http-nio-8080-exec-1] Could not find account - 3 
2019-06-07 10:33:14,122 ERROR com.account.qwebapp.account.exception.RestResponseEntityExceptionHandler [http-nio-8080-exec-2] Could not find account - 4 
2019-06-07 10:33:34,203 ERROR com.account.qwebapp.account.exception.RestResponseEntityExceptionHandler [http-nio-8080-exec-3] Could not find account - 4 
2019-06-07 10:36:14,591 ERROR com.account.qwebapp.account.exception.RestResponseEntityExceptionHandler [http-nio-8080-exec-5] Incorrect input
2019-06-07 10:40:53,633 INFO com.account.qwebapp.QwebappApplication [main] Starting QwebappApplication on Lokeshs-MacBook-Pro.local with PID 13370 (/Users/lokeshsingh/Work/Development/qwebapp/target/classes started by lokeshsingh in /Users/lokeshsingh/Work/Development/qwebapp)
2019-06-07 10:40:53,635 DEBUG com.account.qwebapp.QwebappApplication [main] Running with Spring Boot v2.1.5.RELEASE, Spring v5.1.7.RELEASE
2019-06-07 10:40:53,636 INFO com.account.qwebapp.QwebappApplication [main] No active profile set, falling back to default profiles: default
2019-06-07 10:40:57,024 INFO com.account.qwebapp.QwebappApplication [main] Started QwebappApplication in 3.954 seconds (JVM running for 8.856)
2019-06-07 10:40:57,067 INFO com.account.qwebapp.account.LoadDatabase [main] Preloading AccountProfile [profileId=1, firstName=John, middleName=red, lastName=smith]
2019-06-07 10:40:57,068 INFO com.account.qwebapp.account.LoadDatabase [main] Preloading AccountProfile [profileId=2, firstName=Allen, middleName=, lastName=Greenwood]
2019-06-07 10:40:57,089 INFO com.account.qwebapp.account.LoadDatabase [main] Preloading Account [id=1, accountType=STAFF, accountNickName=Arnold, preferredAccount=true, profileId=1, userId=arnie11, balance=635427.880000000004656612873077392578125, currency=CAD]
2019-06-07 10:40:57,091 INFO com.account.qwebapp.account.LoadDatabase [main] Preloading Account [id=2, accountType=SAV, accountNickName=Henry, preferredAccount=true, profileId=2, userId=arrow22, balance=348767.76000000000931322574615478515625, currency=USD]
2019-06-07 10:41:27,474 ERROR com.account.qwebapp.account.AccountController [http-nio-8080-exec-1] Invalid accounr id......
2019-06-07 10:41:27,476 ERROR com.account.qwebapp.account.exception.RestResponseEntityExceptionHandler [http-nio-8080-exec-1] Incorrect input
2019-06-07 10:43:47,728 INFO com.account.qwebapp.QwebappApplication [main] Starting QwebappApplication on Lokeshs-MacBook-Pro.local with PID 13415 (/Users/lokeshsingh/Work/Development/qwebapp/target/classes started by lokeshsingh in /Users/lokeshsingh/Work/Development/qwebapp)
2019-06-07 10:43:47,730 DEBUG com.account.qwebapp.QwebappApplication [main] Running with Spring Boot v2.1.5.RELEASE, Spring v5.1.7.RELEASE
2019-06-07 10:43:47,731 INFO com.account.qwebapp.QwebappApplication [main] No active profile set, falling back to default profiles: default
2019-06-07 10:43:51,169 INFO com.account.qwebapp.QwebappApplication [main] Started QwebappApplication in 4.047 seconds (JVM running for 8.645)
2019-06-07 10:43:51,214 INFO com.account.qwebapp.account.LoadDatabase [main] Preloading AccountProfile [profileId=1, firstName=John, middleName=red, lastName=smith]
2019-06-07 10:43:51,216 INFO com.account.qwebapp.account.LoadDatabase [main] Preloading AccountProfile [profileId=2, firstName=Allen, middleName=, lastName=Greenwood]
2019-06-07 10:43:51,237 INFO com.account.qwebapp.account.LoadDatabase [main] Preloading Account [id=1, accountType=STAFF, accountNickName=Arnold, preferredAccount=true, profileId=1, userId=arnie11, balance=635427.880000000004656612873077392578125, currency=CAD]
2019-06-07 10:43:51,239 INFO com.account.qwebapp.account.LoadDatabase [main] Preloading Account [id=2, accountType=SAV, accountNickName=Henry, preferredAccount=true, profileId=2, userId=arrow22, balance=348767.76000000000931322574615478515625, currency=USD]
2019-06-07 10:44:43,565 ERROR com.account.qwebapp.account.AccountController [http-nio-8080-exec-1] Invalid accounr id......
2019-06-07 10:44:43,567 ERROR com.account.qwebapp.account.exception.RestResponseEntityExceptionHandler [http-nio-8080-exec-1] Incorrect input
2019-06-07 10:53:39,984 ERROR com.account.qwebapp.account.AccountImpl [http-nio-8080-exec-2] Account does not exist for this userid 
2019-06-07 10:53:39,986 ERROR com.account.qwebapp.account.exception.RestResponseEntityExceptionHandler [http-nio-8080-exec-2] Could not find account of the user- arnie12 
2019-06-07 10:56:48,899 INFO com.account.qwebapp.QwebappApplication [main] Starting QwebappApplication on Lokeshs-MacBook-Pro.local with PID 13465 (/Users/lokeshsingh/Work/Development/qwebapp/target/classes started by lokeshsingh in /Users/lokeshsingh/Work/Development/qwebapp)
2019-06-07 10:56:48,901 DEBUG com.account.qwebapp.QwebappApplication [main] Running with Spring Boot v2.1.5.RELEASE, Spring v5.1.7.RELEASE
2019-06-07 10:56:48,902 INFO com.account.qwebapp.QwebappApplication [main] No active profile set, falling back to default profiles: default
2019-06-07 10:56:52,598 INFO com.account.qwebapp.QwebappApplication [main] Started QwebappApplication in 4.11 seconds (JVM running for 8.881)
2019-06-07 10:56:52,646 INFO com.account.qwebapp.account.LoadDatabase [main] Preloading AccountProfile [profileId=1, firstName=John, middleName=red, lastName=smith]
2019-06-07 10:56:52,648 INFO com.account.qwebapp.account.LoadDatabase [main] Preloading AccountProfile [profileId=2, firstName=Allen, middleName=, lastName=Greenwood]
2019-06-07 10:56:52,672 INFO com.account.qwebapp.account.LoadDatabase [main] Preloading Account [id=1, accountType=STAFF, accountNickName=Arnold, preferredAccount=true, profileId=1, userId=arnie11, balance=635427.880000000004656612873077392578125, currency=CAD]
2019-06-07 10:56:52,674 INFO com.account.qwebapp.account.LoadDatabase [main] Preloading Account [id=2, accountType=SAV, accountNickName=Henry, preferredAccount=true, profileId=2, userId=arrow22, balance=348767.76000000000931322574615478515625, currency=USD]
2019-06-07 10:56:58,301 ERROR com.account.qwebapp.account.AccountImpl [http-nio-8080-exec-1] Account does not exist for this userid 
2019-06-07 10:56:58,311 ERROR com.account.qwebapp.account.exception.RestResponseEntityExceptionHandler [http-nio-8080-exec-1] Could not find account of the user- arnie12 
2019-06-07 11:08:30,177 INFO com.account.qwebapp.QwebappApplication [main] Starting QwebappApplication on Lokeshs-MacBook-Pro.local with PID 13533 (/Users/lokeshsingh/Work/Development/qwebapp/target/classes started by lokeshsingh in /Users/lokeshsingh/Work/Development/qwebapp)
2019-06-07 11:08:30,178 DEBUG com.account.qwebapp.QwebappApplication [main] Running with Spring Boot v2.1.5.RELEASE, Spring v5.1.7.RELEASE
2019-06-07 11:08:30,179 INFO com.account.qwebapp.QwebappApplication [main] No active profile set, falling back to default profiles: default
2019-06-07 11:08:33,806 INFO com.account.qwebapp.QwebappApplication [main] Started QwebappApplication in 4.016 seconds (JVM running for 8.663)
2019-06-07 11:08:33,856 INFO com.account.qwebapp.account.LoadDatabase [main] Preloading AccountProfile [profileId=1, firstName=John, middleName=red, lastName=smith]
2019-06-07 11:08:33,858 INFO com.account.qwebapp.account.LoadDatabase [main] Preloading AccountProfile [profileId=2, firstName=Allen, middleName=, lastName=Greenwood]
2019-06-07 11:08:33,880 INFO com.account.qwebapp.account.LoadDatabase [main] Preloading Account [id=1, accountType=STAFF, accountNickName=Arnold, preferredAccount=true, profileId=1, userId=arnie11, balance=635427.880000000004656612873077392578125, currency=CAD]
2019-06-07 11:08:33,882 INFO com.account.qwebapp.account.LoadDatabase [main] Preloading Account [id=2, accountType=SAV, accountNickName=Henry, preferredAccount=true, profileId=2, userId=arrow22, balance=348767.76000000000931322574615478515625, currency=USD]
2019-06-07 11:08:47,205 ERROR com.account.qwebapp.account.AccountImpl [http-nio-8080-exec-1] Account does not exist for this userid 
2019-06-07 11:08:47,210 ERROR com.account.qwebapp.account.exception.RestResponseEntityExceptionHandler [http-nio-8080-exec-1] Could not find account of the user- arnie12 
2019-06-07 11:21:09,056 ERROR com.account.qwebapp.account.AccountController [http-nio-8080-exec-2] Invalid input......
2019-06-07 11:21:09,056 ERROR com.account.qwebapp.account.exception.RestResponseEntityExceptionHandler [http-nio-8080-exec-2] Incorrect input
2019-06-07 11:36:41,956 INFO com.account.qwebapp.QwebappApplicationTests [main] Starting QwebappApplicationTests on Lokeshs-MacBook-Pro.local with PID 13573 (started by lokeshsingh in /Users/lokeshsingh/Work/Development/qwebapp)
2019-06-07 11:36:41,981 DEBUG com.account.qwebapp.QwebappApplicationTests [main] Running with Spring Boot v2.1.5.RELEASE, Spring v5.1.7.RELEASE
2019-06-07 11:36:41,982 INFO com.account.qwebapp.QwebappApplicationTests [main] No active profile set, falling back to default profiles: default
2019-06-07 11:36:45,450 INFO com.account.qwebapp.QwebappApplicationTests [main] Started QwebappApplicationTests in 3.894 seconds (JVM running for 4.713)
2019-06-07 11:36:45,495 INFO com.account.qwebapp.account.LoadDatabase [main] Preloading AccountProfile [profileId=1, firstName=John, middleName=red, lastName=smith]
2019-06-07 11:36:45,496 INFO com.account.qwebapp.account.LoadDatabase [main] Preloading AccountProfile [profileId=2, firstName=Allen, middleName=, lastName=Greenwood]
2019-06-07 11:36:45,520 INFO com.account.qwebapp.account.LoadDatabase [main] Preloading Account [id=1, accountType=STAFF, accountNickName=Arnold, preferredAccount=true, profileId=1, userId=arnie11, balance=635427.880000000004656612873077392578125, currency=CAD]
2019-06-07 11:36:45,523 INFO com.account.qwebapp.account.LoadDatabase [main] Preloading Account [id=2, accountType=SAV, accountNickName=Henry, preferredAccount=true, profileId=2, userId=arrow22, balance=348767.76000000000931322574615478515625, currency=USD]
2019-06-07 11:36:45,944 ERROR com.account.qwebapp.account.AccountImpl [main] Account does not exist for this userid 
2019-06-07 11:41:37,845 INFO com.account.qwebapp.QwebappApplicationTests [main] Starting QwebappApplicationTests on Lokeshs-MacBook-Pro.local with PID 13592 (started by lokeshsingh in /Users/lokeshsingh/Work/Development/qwebapp)
2019-06-07 11:41:37,847 DEBUG com.account.qwebapp.QwebappApplicationTests [main] Running with Spring Boot v2.1.5.RELEASE, Spring v5.1.7.RELEASE
2019-06-07 11:41:37,847 INFO com.account.qwebapp.QwebappApplicationTests [main] No active profile set, falling back to default profiles: default
2019-06-07 11:41:41,200 INFO com.account.qwebapp.QwebappApplicationTests [main] Started QwebappApplicationTests in 3.754 seconds (JVM running for 4.486)
2019-06-07 11:41:41,242 INFO com.account.qwebapp.account.LoadDatabase [main] Preloading AccountProfile [profileId=1, firstName=John, middleName=red, lastName=smith]
2019-06-07 11:41:41,244 INFO com.account.qwebapp.account.LoadDatabase [main] Preloading AccountProfile [profileId=2, firstName=Allen, middleName=, lastName=Greenwood]
2019-06-07 11:41:41,268 INFO com.account.qwebapp.account.LoadDatabase [main] Preloading Account [id=1, accountType=STAFF, accountNickName=Arnold, preferredAccount=true, profileId=1, userId=arnie11, balance=635427.880000000004656612873077392578125, currency=CAD]
2019-06-07 11:41:41,269 INFO com.account.qwebapp.account.LoadDatabase [main] Preloading Account [id=2, accountType=SAV, accountNickName=Henry, preferredAccount=true, profileId=2, userId=arrow22, balance=348767.76000000000931322574615478515625, currency=USD]
2019-06-07 11:41:41,650 ERROR com.account.qwebapp.account.AccountImpl [main] Account does not exist for this userid 
2019-06-07 11:42:58,422 INFO com.account.qwebapp.QwebappApplicationTests [main] Starting QwebappApplicationTests on Lokeshs-MacBook-Pro.local with PID 13593 (started by lokeshsingh in /Users/lokeshsingh/Work/Development/qwebapp)
2019-06-07 11:42:58,424 DEBUG com.account.qwebapp.QwebappApplicationTests [main] Running with Spring Boot v2.1.5.RELEASE, Spring v5.1.7.RELEASE
2019-06-07 11:42:58,425 INFO com.account.qwebapp.QwebappApplicationTests [main] No active profile set, falling back to default profiles: default
2019-06-07 11:43:01,876 INFO com.account.qwebapp.QwebappApplicationTests [main] Started QwebappApplicationTests in 3.605 seconds (JVM running for 4.329)
2019-06-07 11:43:01,918 INFO com.account.qwebapp.account.LoadDatabase [main] Preloading AccountProfile [profileId=1, firstName=John, middleName=red, lastName=smith]
2019-06-07 11:43:01,920 INFO com.account.qwebapp.account.LoadDatabase [main] Preloading AccountProfile [profileId=2, firstName=Allen, middleName=, lastName=Greenwood]
2019-06-07 11:43:01,944 INFO com.account.qwebapp.account.LoadDatabase [main] Preloading Account [id=1, accountType=STAFF, accountNickName=Arnold, preferredAccount=true, profileId=1, userId=arnie11, balance=635427.880000000004656612873077392578125, currency=CAD]
2019-06-07 11:43:01,946 INFO com.account.qwebapp.account.LoadDatabase [main] Preloading Account [id=2, accountType=SAV, accountNickName=Henry, preferredAccount=true, profileId=2, userId=arrow22, balance=348767.76000000000931322574615478515625, currency=USD]
2019-06-07 11:43:02,367 ERROR com.account.qwebapp.account.AccountImpl [main] Account does not exist for this userid 
2019-06-07 11:45:47,331 INFO com.account.qwebapp.QwebappApplicationTests [main] Starting QwebappApplicationTests on Lokeshs-MacBook-Pro.local with PID 13596 (started by lokeshsingh in /Users/lokeshsingh/Work/Development/qwebapp)
2019-06-07 11:45:47,333 DEBUG com.account.qwebapp.QwebappApplicationTests [main] Running with Spring Boot v2.1.5.RELEASE, Spring v5.1.7.RELEASE
2019-06-07 11:45:47,334 INFO com.account.qwebapp.QwebappApplicationTests [main] No active profile set, falling back to default profiles: default
2019-06-07 11:45:50,687 INFO com.account.qwebapp.QwebappApplicationTests [main] Started QwebappApplicationTests in 3.678 seconds (JVM running for 4.399)
2019-06-07 11:45:50,728 INFO com.account.qwebapp.account.LoadDatabase [main] Preloading AccountProfile [profileId=1, firstName=John, middleName=red, lastName=smith]
2019-06-07 11:45:50,729 INFO com.account.qwebapp.account.LoadDatabase [main] Preloading AccountProfile [profileId=2, firstName=Allen, middleName=, lastName=Greenwood]
2019-06-07 11:45:50,750 INFO com.account.qwebapp.account.LoadDatabase [main] Preloading Account [id=1, accountType=STAFF, accountNickName=Arnold, preferredAccount=true, profileId=1, userId=arnie11, balance=635427.880000000004656612873077392578125, currency=CAD]
2019-06-07 11:45:50,753 INFO com.account.qwebapp.account.LoadDatabase [main] Preloading Account [id=2, accountType=SAV, accountNickName=Henry, preferredAccount=true, profileId=2, userId=arrow22, balance=348767.76000000000931322574615478515625, currency=USD]
2019-06-07 11:45:51,112 ERROR com.account.qwebapp.account.AccountImpl [main] Account does not exist for this userid 
2019-06-07 11:49:55,012 INFO com.account.qwebapp.QwebappApplicationTests [main] Starting QwebappApplicationTests on Lokeshs-MacBook-Pro.local with PID 13599 (started by lokeshsingh in /Users/lokeshsingh/Work/Development/qwebapp)
2019-06-07 11:49:55,013 DEBUG com.account.qwebapp.QwebappApplicationTests [main] Running with Spring Boot v2.1.5.RELEASE, Spring v5.1.7.RELEASE
2019-06-07 11:49:55,014 INFO com.account.qwebapp.QwebappApplicationTests [main] No active profile set, falling back to default profiles: default
2019-06-07 11:49:58,348 INFO com.account.qwebapp.QwebappApplicationTests [main] Started QwebappApplicationTests in 3.48 seconds (JVM running for 4.212)
2019-06-07 11:49:58,390 INFO com.account.qwebapp.account.LoadDatabase [main] Preloading AccountProfile [profileId=1, firstName=John, middleName=red, lastName=smith]
2019-06-07 11:49:58,391 INFO com.account.qwebapp.account.LoadDatabase [main] Preloading AccountProfile [profileId=2, firstName=Allen, middleName=, lastName=Greenwood]
2019-06-07 11:49:58,414 INFO com.account.qwebapp.account.LoadDatabase [main] Preloading Account [id=1, accountType=STAFF, accountNickName=Arnold, preferredAccount=true, profileId=1, userId=arnie11, balance=635427.880000000004656612873077392578125, currency=CAD]
2019-06-07 11:49:58,416 INFO com.account.qwebapp.account.LoadDatabase [main] Preloading Account [id=2, accountType=SAV, accountNickName=Henry, preferredAccount=true, profileId=2, userId=arrow22, balance=348767.76000000000931322574615478515625, currency=USD]
2019-06-07 11:49:58,801 ERROR com.account.qwebapp.account.AccountImpl [main] Account does not exist for this userid 
2019-06-07 11:51:26,245 INFO com.account.qwebapp.QwebappApplicationTests [main] Starting QwebappApplicationTests on Lokeshs-MacBook-Pro.local with PID 13602 (started by lokeshsingh in /Users/lokeshsingh/Work/Development/qwebapp)
2019-06-07 11:51:26,248 DEBUG com.account.qwebapp.QwebappApplicationTests [main] Running with Spring Boot v2.1.5.RELEASE, Spring v5.1.7.RELEASE
2019-06-07 11:51:26,249 INFO com.account.qwebapp.QwebappApplicationTests [main] No active profile set, falling back to default profiles: default
2019-06-07 11:51:30,450 INFO com.account.qwebapp.QwebappApplicationTests [main] Started QwebappApplicationTests in 4.579 seconds (JVM running for 5.605)
2019-06-07 11:51:30,503 INFO com.account.qwebapp.account.LoadDatabase [main] Preloading AccountProfile [profileId=1, firstName=John, middleName=red, lastName=smith]
2019-06-07 11:51:30,504 INFO com.account.qwebapp.account.LoadDatabase [main] Preloading AccountProfile [profileId=2, firstName=Allen, middleName=, lastName=Greenwood]
2019-06-07 11:51:30,533 INFO com.account.qwebapp.account.LoadDatabase [main] Preloading Account [id=1, accountType=STAFF, accountNickName=Arnold, preferredAccount=true, profileId=1, userId=arnie11, balance=635427.880000000004656612873077392578125, currency=CAD]
2019-06-07 11:51:30,535 INFO com.account.qwebapp.account.LoadDatabase [main] Preloading Account [id=2, accountType=SAV, accountNickName=Henry, preferredAccount=true, profileId=2, userId=arrow22, balance=348767.76000000000931322574615478515625, currency=USD]
2019-06-07 11:51:53,133 ERROR com.account.qwebapp.account.AccountImpl [main] Account does not exist for this userid 
2019-06-07 11:53:13,748 INFO com.account.qwebapp.QwebappApplicationTests [main] Starting QwebappApplicationTests on Lokeshs-MacBook-Pro.local with PID 13607 (started by lokeshsingh in /Users/lokeshsingh/Work/Development/qwebapp)
2019-06-07 11:53:13,750 DEBUG com.account.qwebapp.QwebappApplicationTests [main] Running with Spring Boot v2.1.5.RELEASE, Spring v5.1.7.RELEASE
2019-06-07 11:53:13,751 INFO com.account.qwebapp.QwebappApplicationTests [main] No active profile set, falling back to default profiles: default
2019-06-07 11:53:17,078 INFO com.account.qwebapp.QwebappApplicationTests [main] Started QwebappApplicationTests in 3.482 seconds (JVM running for 4.227)
2019-06-07 11:53:17,119 INFO com.account.qwebapp.account.LoadDatabase [main] Preloading AccountProfile [profileId=1, firstName=John, middleName=red, lastName=smith]
2019-06-07 11:53:17,121 INFO com.account.qwebapp.account.LoadDatabase [main] Preloading AccountProfile [profileId=2, firstName=Allen, middleName=, lastName=Greenwood]
2019-06-07 11:53:17,142 INFO com.account.qwebapp.account.LoadDatabase [main] Preloading Account [id=1, accountType=STAFF, accountNickName=Arnold, preferredAccount=true, profileId=1, userId=arnie11, balance=635427.880000000004656612873077392578125, currency=CAD]
2019-06-07 11:53:17,144 INFO com.account.qwebapp.account.LoadDatabase [main] Preloading Account [id=2, accountType=SAV, accountNickName=Henry, preferredAccount=true, profileId=2, userId=arrow22, balance=348767.76000000000931322574615478515625, currency=USD]
2019-06-07 11:53:17,526 ERROR com.account.qwebapp.account.AccountImpl [main] Account does not exist for this userid 
2019-06-07 11:53:17,535 ERROR com.account.qwebapp.account.AccountImpl [main] Invalid input......
2019-06-07 11:58:15,520 INFO com.account.qwebapp.QwebappApplicationTests [main] Starting QwebappApplicationTests on Lokeshs-MacBook-Pro.local with PID 13612 (started by lokeshsingh in /Users/lokeshsingh/Work/Development/qwebapp)
2019-06-07 11:58:15,522 DEBUG com.account.qwebapp.QwebappApplicationTests [main] Running with Spring Boot v2.1.5.RELEASE, Spring v5.1.7.RELEASE
2019-06-07 11:58:15,523 INFO com.account.qwebapp.QwebappApplicationTests [main] No active profile set, falling back to default profiles: default
2019-06-07 11:58:18,825 INFO com.account.qwebapp.QwebappApplicationTests [main] Started QwebappApplicationTests in 3.617 seconds (JVM running for 4.339)
2019-06-07 11:58:18,865 INFO com.account.qwebapp.account.LoadDatabase [main] Preloading AccountProfile [profileId=1, firstName=John, middleName=red, lastName=smith]
2019-06-07 11:58:18,866 INFO com.account.qwebapp.account.LoadDatabase [main] Preloading AccountProfile [profileId=2, firstName=Allen, middleName=, lastName=Greenwood]
2019-06-07 11:58:18,887 INFO com.account.qwebapp.account.LoadDatabase [main] Preloading Account [id=1, accountType=STAFF, accountNickName=Arnold, preferredAccount=true, profileId=1, userId=arnie11, balance=635427.880000000004656612873077392578125, currency=CAD]
2019-06-07 11:58:18,889 INFO com.account.qwebapp.account.LoadDatabase [main] Preloading Account [id=2, accountType=SAV, accountNickName=Henry, preferredAccount=true, profileId=2, userId=arrow22, balance=348767.76000000000931322574615478515625, currency=USD]
2019-06-07 11:58:44,047 INFO com.account.qwebapp.QwebappApplicationTests [main] Starting QwebappApplicationTests on Lokeshs-MacBook-Pro.local with PID 13613 (started by lokeshsingh in /Users/lokeshsingh/Work/Development/qwebapp)
2019-06-07 11:58:44,049 DEBUG com.account.qwebapp.QwebappApplicationTests [main] Running with Spring Boot v2.1.5.RELEASE, Spring v5.1.7.RELEASE
2019-06-07 11:58:44,050 INFO com.account.qwebapp.QwebappApplicationTests [main] No active profile set, falling back to default profiles: default
2019-06-07 11:58:47,395 INFO com.account.qwebapp.QwebappApplicationTests [main] Started QwebappApplicationTests in 3.495 seconds (JVM running for 4.226)
2019-06-07 11:58:47,440 INFO com.account.qwebapp.account.LoadDatabase [main] Preloading AccountProfile [profileId=1, firstName=John, middleName=red, lastName=smith]
2019-06-07 11:58:47,441 INFO com.account.qwebapp.account.LoadDatabase [main] Preloading AccountProfile [profileId=2, firstName=Allen, middleName=, lastName=Greenwood]
2019-06-07 11:58:47,465 INFO com.account.qwebapp.account.LoadDatabase [main] Preloading Account [id=1, accountType=STAFF, accountNickName=Arnold, preferredAccount=true, profileId=1, userId=arnie11, balance=635427.880000000004656612873077392578125, currency=CAD]
2019-06-07 11:58:47,467 INFO com.account.qwebapp.account.LoadDatabase [main] Preloading Account [id=2, accountType=SAV, accountNickName=Henry, preferredAccount=true, profileId=2, userId=arrow22, balance=348767.76000000000931322574615478515625, currency=USD]
2019-06-07 11:58:47,875 ERROR com.account.qwebapp.account.AccountImpl [main] Account does not exist for this userid 
2019-06-07 11:58:47,900 ERROR com.account.qwebapp.account.AccountImpl [main] Invalid input......
2019-06-07 12:00:35,726 INFO com.account.qwebapp.QwebappApplicationTests [main] Starting QwebappApplicationTests on Lokeshs-MacBook-Pro.local with PID 13615 (started by lokeshsingh in /Users/lokeshsingh/Work/Development/qwebapp)
2019-06-07 12:00:35,728 DEBUG com.account.qwebapp.QwebappApplicationTests [main] Running with Spring Boot v2.1.5.RELEASE, Spring v5.1.7.RELEASE
2019-06-07 12:00:35,729 INFO com.account.qwebapp.QwebappApplicationTests [main] No active profile set, falling back to default profiles: default
2019-06-07 12:00:39,031 INFO com.account.qwebapp.QwebappApplicationTests [main] Started QwebappApplicationTests in 3.61 seconds (JVM running for 4.346)
2019-06-07 12:00:39,071 INFO com.account.qwebapp.account.LoadDatabase [main] Preloading AccountProfile [profileId=1, firstName=John, middleName=red, lastName=smith]
2019-06-07 12:00:39,073 INFO com.account.qwebapp.account.LoadDatabase [main] Preloading AccountProfile [profileId=2, firstName=Allen, middleName=, lastName=Greenwood]
2019-06-07 12:00:39,096 INFO com.account.qwebapp.account.LoadDatabase [main] Preloading Account [id=1, accountType=STAFF, accountNickName=Arnold, preferredAccount=true, profileId=1, userId=arnie11, balance=635427.880000000004656612873077392578125, currency=CAD]
2019-06-07 12:00:39,098 INFO com.account.qwebapp.account.LoadDatabase [main] Preloading Account [id=2, accountType=SAV, accountNickName=Henry, preferredAccount=true, profileId=2, userId=arrow22, balance=348767.76000000000931322574615478515625, currency=USD]
2019-06-07 12:00:39,541 ERROR com.account.qwebapp.account.AccountImpl [main] Account does not exist for this userid 
2019-06-07 12:00:39,565 ERROR com.account.qwebapp.account.AccountImpl [main] Invalid input......
2019-06-07 12:02:10,845 INFO com.account.qwebapp.QwebappApplicationTests [main] Starting QwebappApplicationTests on Lokeshs-MacBook-Pro.local with PID 13618 (started by lokeshsingh in /Users/lokeshsingh/Work/Development/qwebapp)
2019-06-07 12:02:10,847 DEBUG com.account.qwebapp.QwebappApplicationTests [main] Running with Spring Boot v2.1.5.RELEASE, Spring v5.1.7.RELEASE
2019-06-07 12:02:10,848 INFO com.account.qwebapp.QwebappApplicationTests [main] No active profile set, falling back to default profiles: default
2019-06-07 12:02:14,147 INFO com.account.qwebapp.QwebappApplicationTests [main] Started QwebappApplicationTests in 3.458 seconds (JVM running for 4.222)
2019-06-07 12:02:14,188 INFO com.account.qwebapp.account.LoadDatabase [main] Preloading AccountProfile [profileId=1, firstName=John, middleName=red, lastName=smith]
2019-06-07 12:02:14,190 INFO com.account.qwebapp.account.LoadDatabase [main] Preloading AccountProfile [profileId=2, firstName=Allen, middleName=, lastName=Greenwood]
2019-06-07 12:02:14,210 INFO com.account.qwebapp.account.LoadDatabase [main] Preloading Account [id=1, accountType=STAFF, accountNickName=Arnold, preferredAccount=true, profileId=1, userId=arnie11, balance=635427.880000000004656612873077392578125, currency=CAD]
2019-06-07 12:02:14,212 INFO com.account.qwebapp.account.LoadDatabase [main] Preloading Account [id=2, accountType=SAV, accountNickName=Henry, preferredAccount=true, profileId=2, userId=arrow22, balance=348767.76000000000931322574615478515625, currency=USD]
2019-06-07 12:02:14,625 ERROR com.account.qwebapp.account.AccountImpl [main] Account does not exist for this userid 
2019-06-07 12:02:14,644 ERROR com.account.qwebapp.account.AccountImpl [main] Invalid input......
2019-06-07 12:03:40,957 INFO com.account.qwebapp.QwebappApplicationTests [main] Starting QwebappApplicationTests on Lokeshs-MacBook-Pro.local with PID 13619 (started by lokeshsingh in /Users/lokeshsingh/Work/Development/qwebapp)
2019-06-07 12:03:40,959 DEBUG com.account.qwebapp.QwebappApplicationTests [main] Running with Spring Boot v2.1.5.RELEASE, Spring v5.1.7.RELEASE
2019-06-07 12:03:40,960 INFO com.account.qwebapp.QwebappApplicationTests [main] No active profile set, falling back to default profiles: default
2019-06-07 12:03:44,320 INFO com.account.qwebapp.QwebappApplicationTests [main] Started QwebappApplicationTests in 3.512 seconds (JVM running for 4.25)
2019-06-07 12:03:44,362 INFO com.account.qwebapp.account.LoadDatabase [main] Preloading AccountProfile [profileId=1, firstName=John, middleName=red, lastName=smith]
2019-06-07 12:03:44,364 INFO com.account.qwebapp.account.LoadDatabase [main] Preloading AccountProfile [profileId=2, firstName=Allen, middleName=, lastName=Greenwood]
2019-06-07 12:03:44,388 INFO com.account.qwebapp.account.LoadDatabase [main] Preloading Account [id=1, accountType=STAFF, accountNickName=Arnold, preferredAccount=true, profileId=1, userId=arnie11, balance=635427.880000000004656612873077392578125, currency=CAD]
2019-06-07 12:03:44,389 INFO com.account.qwebapp.account.LoadDatabase [main] Preloading Account [id=2, accountType=SAV, accountNickName=Henry, preferredAccount=true, profileId=2, userId=arrow22, balance=348767.76000000000931322574615478515625, currency=USD]
2019-06-07 12:03:44,782 ERROR com.account.qwebapp.account.AccountImpl [main] Account does not exist for this userid 
2019-06-07 12:03:44,795 ERROR com.account.qwebapp.account.AccountImpl [main] Invalid input......
2019-06-07 12:04:10,792 INFO com.account.qwebapp.QwebappApplicationTests [main] Starting QwebappApplicationTests on Lokeshs-MacBook-Pro.local with PID 13620 (started by lokeshsingh in /Users/lokeshsingh/Work/Development/qwebapp)
2019-06-07 12:04:10,794 DEBUG com.account.qwebapp.QwebappApplicationTests [main] Running with Spring Boot v2.1.5.RELEASE, Spring v5.1.7.RELEASE
2019-06-07 12:04:10,794 INFO com.account.qwebapp.QwebappApplicationTests [main] No active profile set, falling back to default profiles: default
2019-06-07 12:04:14,533 INFO com.account.qwebapp.QwebappApplicationTests [main] Started QwebappApplicationTests in 3.891 seconds (JVM running for 4.649)
2019-06-07 12:04:14,574 INFO com.account.qwebapp.account.LoadDatabase [main] Preloading AccountProfile [profileId=1, firstName=John, middleName=red, lastName=smith]
2019-06-07 12:04:14,576 INFO com.account.qwebapp.account.LoadDatabase [main] Preloading AccountProfile [profileId=2, firstName=Allen, middleName=, lastName=Greenwood]
2019-06-07 12:04:14,597 INFO com.account.qwebapp.account.LoadDatabase [main] Preloading Account [id=1, accountType=STAFF, accountNickName=Arnold, preferredAccount=true, profileId=1, userId=arnie11, balance=635427.880000000004656612873077392578125, currency=CAD]
2019-06-07 12:04:14,600 INFO com.account.qwebapp.account.LoadDatabase [main] Preloading Account [id=2, accountType=SAV, accountNickName=Henry, preferredAccount=true, profileId=2, userId=arrow22, balance=348767.76000000000931322574615478515625, currency=USD]
2019-06-07 12:04:15,036 ERROR com.account.qwebapp.account.AccountImpl [main] Account does not exist for this userid 
2019-06-07 12:04:15,054 ERROR com.account.qwebapp.account.AccountImpl [main] Invalid input......
2019-06-07 12:04:39,355 INFO com.account.qwebapp.QwebappApplicationTests [main] Starting QwebappApplicationTests on Lokeshs-MacBook-Pro.local with PID 13623 (started by lokeshsingh in /Users/lokeshsingh/Work/Development/qwebapp)
2019-06-07 12:04:39,357 DEBUG com.account.qwebapp.QwebappApplicationTests [main] Running with Spring Boot v2.1.5.RELEASE, Spring v5.1.7.RELEASE
2019-06-07 12:04:39,357 INFO com.account.qwebapp.QwebappApplicationTests [main] No active profile set, falling back to default profiles: default
2019-06-07 12:04:42,660 INFO com.account.qwebapp.QwebappApplicationTests [main] Started QwebappApplicationTests in 3.459 seconds (JVM running for 4.189)
2019-06-07 12:04:42,700 INFO com.account.qwebapp.account.LoadDatabase [main] Preloading AccountProfile [profileId=1, firstName=John, middleName=red, lastName=smith]
2019-06-07 12:04:42,701 INFO com.account.qwebapp.account.LoadDatabase [main] Preloading AccountProfile [profileId=2, firstName=Allen, middleName=, lastName=Greenwood]
2019-06-07 12:04:42,724 INFO com.account.qwebapp.account.LoadDatabase [main] Preloading Account [id=1, accountType=STAFF, accountNickName=Arnold, preferredAccount=true, profileId=1, userId=arnie11, balance=635427.880000000004656612873077392578125, currency=CAD]
2019-06-07 12:04:42,726 INFO com.account.qwebapp.account.LoadDatabase [main] Preloading Account [id=2, accountType=SAV, accountNickName=Henry, preferredAccount=true, profileId=2, userId=arrow22, balance=348767.76000000000931322574615478515625, currency=USD]
2019-06-07 12:04:43,100 ERROR com.account.qwebapp.account.AccountImpl [main] Account does not exist for this userid 
2019-06-07 12:04:43,123 ERROR com.account.qwebapp.account.AccountImpl [main] Invalid input......
2019-06-07 12:06:48,325 INFO com.account.qwebapp.QwebappApplicationTests [main] Starting QwebappApplicationTests on Lokeshs-MacBook-Pro.local with PID 13626 (started by lokeshsingh in /Users/lokeshsingh/Work/Development/qwebapp)
2019-06-07 12:06:48,327 DEBUG com.account.qwebapp.QwebappApplicationTests [main] Running with Spring Boot v2.1.5.RELEASE, Spring v5.1.7.RELEASE
2019-06-07 12:06:48,328 INFO com.account.qwebapp.QwebappApplicationTests [main] No active profile set, falling back to default profiles: default
2019-06-07 12:06:51,623 INFO com.account.qwebapp.QwebappApplicationTests [main] Started QwebappApplicationTests in 3.6 seconds (JVM running for 4.335)
2019-06-07 12:06:51,663 INFO com.account.qwebapp.account.LoadDatabase [main] Preloading AccountProfile [profileId=1, firstName=John, middleName=red, lastName=smith]
2019-06-07 12:06:51,664 INFO com.account.qwebapp.account.LoadDatabase [main] Preloading AccountProfile [profileId=2, firstName=Allen, middleName=, lastName=Greenwood]
2019-06-07 12:06:51,688 INFO com.account.qwebapp.account.LoadDatabase [main] Preloading Account [id=1, accountType=STAFF, accountNickName=Arnold, preferredAccount=true, profileId=1, userId=arnie11, balance=635427.880000000004656612873077392578125, currency=CAD]
2019-06-07 12:06:51,691 INFO com.account.qwebapp.account.LoadDatabase [main] Preloading Account [id=2, accountType=SAV, accountNickName=Henry, preferredAccount=true, profileId=2, userId=arrow22, balance=348767.76000000000931322574615478515625, currency=USD]
2019-06-07 12:06:52,119 ERROR com.account.qwebapp.account.AccountImpl [main] Account does not exist for this userid 
2019-06-07 12:06:52,137 ERROR com.account.qwebapp.account.AccountImpl [main] Invalid input......
2019-06-07 12:08:00,109 INFO com.account.qwebapp.QwebappApplicationTests [main] Starting QwebappApplicationTests on Lokeshs-MacBook-Pro.local with PID 13631 (started by lokeshsingh in /Users/lokeshsingh/Work/Development/qwebapp)
2019-06-07 12:08:00,111 DEBUG com.account.qwebapp.QwebappApplicationTests [main] Running with Spring Boot v2.1.5.RELEASE, Spring v5.1.7.RELEASE
2019-06-07 12:08:00,112 INFO com.account.qwebapp.QwebappApplicationTests [main] No active profile set, falling back to default profiles: default
2019-06-07 12:08:03,665 INFO com.account.qwebapp.QwebappApplicationTests [main] Started QwebappApplicationTests in 3.713 seconds (JVM running for 4.452)
2019-06-07 12:08:03,704 INFO com.account.qwebapp.account.LoadDatabase [main] Preloading AccountProfile [profileId=1, firstName=John, middleName=red, lastName=smith]
2019-06-07 12:08:03,706 INFO com.account.qwebapp.account.LoadDatabase [main] Preloading AccountProfile [profileId=2, firstName=Allen, middleName=, lastName=Greenwood]
2019-06-07 12:08:03,729 INFO com.account.qwebapp.account.LoadDatabase [main] Preloading Account [id=1, accountType=STAFF, accountNickName=Arnold, preferredAccount=true, profileId=1, userId=arnie11, balance=635427.880000000004656612873077392578125, currency=CAD]
2019-06-07 12:08:03,731 INFO com.account.qwebapp.account.LoadDatabase [main] Preloading Account [id=2, accountType=SAV, accountNickName=Henry, preferredAccount=true, profileId=2, userId=arrow22, balance=348767.76000000000931322574615478515625, currency=USD]
2019-06-07 12:08:04,124 ERROR com.account.qwebapp.account.AccountImpl [main] Account does not exist for this userid 
2019-06-07 12:08:04,147 ERROR com.account.qwebapp.account.AccountImpl [main] Invalid input......
2019-06-07 12:08:58,799 INFO com.account.qwebapp.QwebappApplicationTests [main] Starting QwebappApplicationTests on Lokeshs-MacBook-Pro.local with PID 13633 (started by lokeshsingh in /Users/lokeshsingh/Work/Development/qwebapp)
2019-06-07 12:08:58,801 DEBUG com.account.qwebapp.QwebappApplicationTests [main] Running with Spring Boot v2.1.5.RELEASE, Spring v5.1.7.RELEASE
2019-06-07 12:08:58,802 INFO com.account.qwebapp.QwebappApplicationTests [main] No active profile set, falling back to default profiles: default
2019-06-07 12:09:02,348 INFO com.account.qwebapp.QwebappApplicationTests [main] Started QwebappApplicationTests in 3.854 seconds (JVM running for 4.603)
2019-06-07 12:09:02,395 INFO com.account.qwebapp.account.LoadDatabase [main] Preloading AccountProfile [profileId=1, firstName=John, middleName=red, lastName=smith]
2019-06-07 12:09:02,397 INFO com.account.qwebapp.account.LoadDatabase [main] Preloading AccountProfile [profileId=2, firstName=Allen, middleName=, lastName=Greenwood]
2019-06-07 12:09:02,418 INFO com.account.qwebapp.account.LoadDatabase [main] Preloading Account [id=1, accountType=STAFF, accountNickName=Arnold, preferredAccount=true, profileId=1, userId=arnie11, balance=635427.880000000004656612873077392578125, currency=CAD]
2019-06-07 12:09:02,420 INFO com.account.qwebapp.account.LoadDatabase [main] Preloading Account [id=2, accountType=SAV, accountNickName=Henry, preferredAccount=true, profileId=2, userId=arrow22, balance=348767.76000000000931322574615478515625, currency=USD]
2019-06-07 12:09:02,838 ERROR com.account.qwebapp.account.AccountImpl [main] Account does not exist for this userid 
2019-06-07 12:09:02,856 ERROR com.account.qwebapp.account.AccountImpl [main] Invalid input......
2019-06-07 12:46:28,106 INFO com.account.qwebapp.QwebappApplicationTests [main] Starting QwebappApplicationTests on Lokeshs-MacBook-Pro.local with PID 13659 (started by lokeshsingh in /Users/lokeshsingh/Work/Development/qwebapp)
2019-06-07 12:46:28,108 DEBUG com.account.qwebapp.QwebappApplicationTests [main] Running with Spring Boot v2.1.5.RELEASE, Spring v5.1.7.RELEASE
2019-06-07 12:46:28,109 INFO com.account.qwebapp.QwebappApplicationTests [main] No active profile set, falling back to default profiles: default
2019-06-07 12:46:31,476 INFO com.account.qwebapp.QwebappApplicationTests [main] Started QwebappApplicationTests in 3.514 seconds (JVM running for 4.256)
2019-06-07 12:46:31,521 INFO com.account.qwebapp.account.LoadDatabase [main] Preloading AccountProfile [profileId=1, firstName=John, middleName=red, lastName=smith]
2019-06-07 12:46:31,522 INFO com.account.qwebapp.account.LoadDatabase [main] Preloading AccountProfile [profileId=2, firstName=Allen, middleName=, lastName=Greenwood]
2019-06-07 12:46:31,546 INFO com.account.qwebapp.account.LoadDatabase [main] Preloading Account [id=1, accountType=STAFF, accountNickName=Arnold, preferredAccount=true, profileId=1, userId=arnie11, balance=635427.880000000004656612873077392578125, currency=CAD]
2019-06-07 12:46:31,548 INFO com.account.qwebapp.account.LoadDatabase [main] Preloading Account [id=2, accountType=SAV, accountNickName=Henry, preferredAccount=true, profileId=2, userId=arrow22, balance=348767.76000000000931322574615478515625, currency=USD]
2019-06-07 12:46:31,965 ERROR com.account.qwebapp.account.AccountImpl [main] Account does not exist for this userid 
2019-06-07 12:46:31,988 ERROR com.account.qwebapp.account.AccountImpl [main] Invalid input......
2019-06-07 12:47:55,703 INFO com.account.qwebapp.QwebappApplicationTests [main] Starting QwebappApplicationTests on Lokeshs-MacBook-Pro.local with PID 13660 (started by lokeshsingh in /Users/lokeshsingh/Work/Development/qwebapp)
2019-06-07 12:47:55,705 DEBUG com.account.qwebapp.QwebappApplicationTests [main] Running with Spring Boot v2.1.5.RELEASE, Spring v5.1.7.RELEASE
2019-06-07 12:47:55,705 INFO com.account.qwebapp.QwebappApplicationTests [main] No active profile set, falling back to default profiles: default
2019-06-07 12:47:59,066 INFO com.account.qwebapp.QwebappApplicationTests [main] Started QwebappApplicationTests in 3.768 seconds (JVM running for 4.507)
2019-06-07 12:47:59,108 INFO com.account.qwebapp.account.LoadDatabase [main] Preloading AccountProfile [profileId=1, firstName=John, middleName=red, lastName=smith]
2019-06-07 12:47:59,110 INFO com.account.qwebapp.account.LoadDatabase [main] Preloading AccountProfile [profileId=2, firstName=Allen, middleName=, lastName=Greenwood]
2019-06-07 12:47:59,132 INFO com.account.qwebapp.account.LoadDatabase [main] Preloading Account [id=1, accountType=STAFF, accountNickName=Arnold, preferredAccount=true, profileId=1, userId=arnie11, balance=635427.880000000004656612873077392578125, currency=CAD]
2019-06-07 12:47:59,134 INFO com.account.qwebapp.account.LoadDatabase [main] Preloading Account [id=2, accountType=SAV, accountNickName=Henry, preferredAccount=true, profileId=2, userId=arrow22, balance=348767.76000000000931322574615478515625, currency=USD]
2019-06-07 12:47:59,516 ERROR com.account.qwebapp.account.AccountImpl [main] Account does not exist for this userid 
2019-06-07 12:47:59,541 ERROR com.account.qwebapp.account.AccountImpl [main] Invalid input......
